<?xml version="1.0" encoding="UTF-8"?>
<testsuite name="com.nozero.shared.motivation.MotivationEngineTest" tests="5" skipped="0" failures="0" errors="0" timestamp="2026-03-01T20:26:00" hostname="Utkarshs-MacBook-Pro.local" time="0.004">
  <properties/>
  <testcase name="milestone message at 30 day streak" classname="com.nozero.shared.motivation.MotivationEngineTest" time="0.003"/>
  <testcase name="recovery message returned when in recovery state" classname="com.nozero.shared.motivation.MotivationEngineTest" time="0.0"/>
  <testcase name="bad habit identity message contains habit title" classname="com.nozero.shared.motivation.MotivationEngineTest" time="0.001"/>
  <testcase name="aggressive style returns stronger language" classname="com.nozero.shared.motivation.MotivationEngineTest" time="0.0"/>
  <testcase name="milestone message at 7 day streak" classname="com.nozero.shared.motivation.MotivationEngineTest" time="0.0"/>
  <system-out><![CDATA[]]></system-out>
  <system-err><![CDATA[]]></system-err>
</testsuite>
