<?xml version="1.0" encoding="UTF-8"?>
<testsuite name="com.nozero.shared.data.mapper.HabitMapperTest" tests="4" skipped="0" failures="0" errors="0" timestamp="2026-03-01T20:26:00" hostname="Utkarshs-MacBook-Pro.local" time="0.01">
  <properties/>
  <testcase name="tracking type round-trip for Count" classname="com.nozero.shared.data.mapper.HabitMapperTest" time="0.009"/>
  <testcase name="frequency round-trip for Daily" classname="com.nozero.shared.data.mapper.HabitMapperTest" time="0.001"/>
  <testcase name="tracking type round-trip for Time" classname="com.nozero.shared.data.mapper.HabitMapperTest" time="0.0"/>
  <testcase name="frequency round-trip for TimesPerWeek" classname="com.nozero.shared.data.mapper.HabitMapperTest" time="0.0"/>
  <system-out><![CDATA[]]></system-out>
  <system-err><![CDATA[]]></system-err>
</testsuite>
